d:\02 c++学习\c++项目开发实战入门\code\03\project\pacman\debug\pacman.pch
d:\02 c++学习\c++项目开发实战入门\code\03\project\pacman\debug\vc140.pdb
d:\02 c++学习\c++项目开发实战入门\code\03\project\pacman\debug\vc140.idb
d:\02 c++学习\c++项目开发实战入门\code\03\project\pacman\debug\stdafx.obj
d:\02 c++学习\c++项目开发实战入门\code\03\project\pacman\debug\gmap.obj
d:\02 c++学习\c++项目开发实战入门\code\03\project\pacman\debug\gobject.obj
d:\02 c++学习\c++项目开发实战入门\code\03\project\pacman\debug\pacman.obj
d:\02 c++学习\c++项目开发实战入门\code\03\project\pacman\debug\pacman.ilk
d:\02 c++学习\c++项目开发实战入门\code\03\project\pacman\debug\pacman.exe
d:\02 c++学习\c++项目开发实战入门\code\03\project\pacman\debug\pacman.pdb
d:\02 c++学习\c++项目开发实战入门\code\03\project\pacman\debug\pacman.res
d:\02 c++学习\c++项目开发实战入门\code\03\project\pacman\debug\pacman.tlog\cl.command.1.tlog
d:\02 c++学习\c++项目开发实战入门\code\03\project\pacman\debug\pacman.tlog\cl.read.1.tlog
d:\02 c++学习\c++项目开发实战入门\code\03\project\pacman\debug\pacman.tlog\cl.write.1.tlog
d:\02 c++学习\c++项目开发实战入门\code\03\project\pacman\debug\pacman.tlog\link.command.1.tlog
d:\02 c++学习\c++项目开发实战入门\code\03\project\pacman\debug\pacman.tlog\link.read.1.tlog
d:\02 c++学习\c++项目开发实战入门\code\03\project\pacman\debug\pacman.tlog\link.write.1.tlog
d:\02 c++学习\c++项目开发实战入门\code\03\project\pacman\debug\pacman.tlog\rc.command.1.tlog
d:\02 c++学习\c++项目开发实战入门\code\03\project\pacman\debug\pacman.tlog\rc.read.1.tlog
d:\02 c++学习\c++项目开发实战入门\code\03\project\pacman\debug\pacman.tlog\rc.write.1.tlog
